0 info it worked if it ends with ok
1 verbose cli [ '/usr/local/bin/node',
1 verbose cli   '/usr/local/bin/npm',
1 verbose cli   'run',
1 verbose cli   'practical' ]
2 info using npm@4.0.3
3 info using node@v6.9.1
4 verbose run-script [ 'prepractical', 'practical', 'postpractical' ]
5 info lifecycle saveanation@~prepractical: saveanation@
6 silly lifecycle saveanation@~prepractical: no script for prepractical, continuing
7 info lifecycle saveanation@~practical: saveanation@
8 verbose lifecycle saveanation@~practical: unsafe-perm in lifecycle true
9 verbose lifecycle saveanation@~practical: PATH: /usr/local/lib/node_modules/npm/bin/node-gyp-bin:/Users/Floki/Projects/saveanation/node_modules/.bin:/Users/Floki/.rvm/gems/ruby-2.3.0/bin:/Users/Floki/.rvm/gems/ruby-2.3.0@global/bin:/Users/Floki/.rvm/rubies/ruby-2.3.0/bin:/Library/Frameworks/Python.framework/Versions/3.5/bin:/usr/local/bin:/usr/bin:/bin:/usr/sbin:/sbin:/Library/Frameworks/Mono.framework/Versions/Current/Commands:/Users/Floki/.rvm/bin
10 verbose lifecycle saveanation@~practical: CWD: /Users/Floki/Projects/saveanation
11 silly lifecycle saveanation@~practical: Args: [ '-c', 'meteor test --driver-package=practicalmeteor:mocha' ]
12 silly lifecycle saveanation@~practical: Returned: code: 254  signal: null
13 info lifecycle saveanation@~practical: Failed to exec practical script
14 verbose stack Error: saveanation@ practical: `meteor test --driver-package=practicalmeteor:mocha`
14 verbose stack Exit status 254
14 verbose stack     at EventEmitter.<anonymous> (/usr/local/lib/node_modules/npm/lib/utils/lifecycle.js:279:16)
14 verbose stack     at emitTwo (events.js:106:13)
14 verbose stack     at EventEmitter.emit (events.js:191:7)
14 verbose stack     at ChildProcess.<anonymous> (/usr/local/lib/node_modules/npm/lib/utils/spawn.js:40:14)
14 verbose stack     at emitTwo (events.js:106:13)
14 verbose stack     at ChildProcess.emit (events.js:191:7)
14 verbose stack     at maybeClose (internal/child_process.js:877:16)
14 verbose stack     at Process.ChildProcess._handle.onexit (internal/child_process.js:226:5)
15 verbose pkgid saveanation@
16 verbose cwd /Users/Floki/Projects/saveanation
17 error Darwin 15.6.0
18 error argv "/usr/local/bin/node" "/usr/local/bin/npm" "run" "practical"
19 error node v6.9.1
20 error npm  v4.0.3
21 error code ELIFECYCLE
22 error saveanation@ practical: `meteor test --driver-package=practicalmeteor:mocha`
22 error Exit status 254
23 error Failed at the saveanation@ practical script 'meteor test --driver-package=practicalmeteor:mocha'.
23 error Make sure you have the latest version of node.js and npm installed.
23 error If you do, this is most likely a problem with the saveanation package,
23 error not with npm itself.
23 error Tell the author that this fails on your system:
23 error     meteor test --driver-package=practicalmeteor:mocha
23 error You can get information on how to open an issue for this project with:
23 error     npm bugs saveanation
23 error Or if that isn't available, you can get their info via:
23 error     npm owner ls saveanation
23 error There is likely additional logging output above.
24 verbose exit [ 1, true ]
